# JRE version: Java(TM) SE Runtime Environment (8.0_271-b09) (build 1.8.0_271-b09)
# Java VM: Java HotSpot(TM) 64-Bit Server VM (25.271-b09 mixed mode linux-amd64 compressed oops)
Heap:
 PSYoungGen      total 180736K, used 30349K [0x00000000d6700000, 0x00000000f4600000, 0x0000000100000000)
  eden space 179712K, 16% used [0x00000000d6700000,0x00000000d8413410,0x00000000e1680000)
  from space 1024K, 56% used [0x00000000f4500000,0x00000000f4590000,0x00000000f4600000)
  to   space 7680K, 0% used [0x00000000f3700000,0x00000000f3700000,0x00000000f3e80000)
 ParOldGen       total 92672K, used 27012K [0x0000000083400000, 0x0000000088e80000, 0x00000000d6700000)
  object space 92672K, 29% used [0x0000000083400000,0x0000000084e61220,0x0000000088e80000)
 Metaspace       used 40430K, capacity 41608K, committed 41856K, reserved 1085440K
  class space    used 4871K, capacity 5146K, committed 5248K, reserved 1048576K
GC Heap History (10 events):
Event: 4729.480 GC heap before
{Heap before GC invocations=34 (full 2):
 PSYoungGen      total 218112K, used 217888K [0x00000000d6700000, 0x00000000f5e00000, 0x0000000100000000)
  eden space 217088K, 100% used [0x00000000d6700000,0x00000000e3b00000,0x00000000e3b00000)
  from space 1024K, 78% used [0x00000000f4b80000,0x00000000f4c48000,0x00000000f4c80000)
  to   space 9728K, 0% used [0x00000000f5480000,0x00000000f5480000,0x00000000f5e00000)
 ParOldGen       total 92672K, used 26680K [0x0000000083400000, 0x0000000088e80000, 0x00000000d6700000)
  object space 92672K, 28% used [0x0000000083400000,0x0000000084e0e200,0x0000000088e80000)
 Metaspace       used 40415K, capacity 41598K, committed 41856K, reserved 1085440K
  class space    used 4869K, capacity 5145K, committed 5248K, reserved 1048576K
Event: 4729.490 GC heap after
Heap after GC invocations=34 (full 2):
 PSYoungGen      total 209920K, used 576K [0x00000000d6700000, 0x00000000f5580000, 0x0000000100000000)
  eden space 208896K, 0% used [0x00000000d6700000,0x00000000d6700000,0x00000000e3300000)
  from space 1024K, 56% used [0x00000000f5480000,0x00000000f5510000,0x00000000f5580000)
  to   space 9216K, 0% used [0x00000000f4380000,0x00000000f4380000,0x00000000f4c80000)
 ParOldGen       total 92672K, used 26948K [0x0000000083400000, 0x0000000088e80000, 0x00000000d6700000)
  object space 92672K, 29% used [0x0000000083400000,0x0000000084e51220,0x0000000088e80000)
 Metaspace       used 40415K, capacity 41598K, committed 41856K, reserved 1085440K
  class space    used 4869K, capacity 5145K, committed 5248K, reserved 1048576K
}
Event: 4849.471 GC heap before
{Heap before GC invocations=35 (full 2):
 PSYoungGen      total 209920K, used 209472K [0x00000000d6700000, 0x00000000f5580000, 0x0000000100000000)
  eden space 208896K, 100% used [0x00000000d6700000,0x00000000e3300000,0x00000000e3300000)
  from space 1024K, 56% used [0x00000000f5480000,0x00000000f5510000,0x00000000f5580000)
  to   space 9216K, 0% used [0x00000000f4380000,0x00000000f4380000,0x00000000f4c80000)
 ParOldGen       total 92672K, used 26948K [0x0000000083400000, 0x0000000088e80000, 0x00000000d6700000)
  object space 92672K, 29% used [0x0000000083400000,0x0000000084e51220,0x0000000088e80000)
 Metaspace       used 40415K, capacity 41598K, committed 41856K, reserved 1085440K
  class space    used 4869K, capacity 5145K, committed 5248K, reserved 1048576K
Event: 4849.480 GC heap after
Heap after GC invocations=35 (full 2):
 PSYoungGen      total 210432K, used 576K [0x00000000d6700000, 0x00000000f5500000, 0x0000000100000000)
  eden space 201216K, 0% used [0x00000000d6700000,0x00000000d6700000,0x00000000e2b80000)
  from space 9216K, 6% used [0x00000000f4380000,0x00000000f4410000,0x00000000f4c80000)
  to   space 8704K, 0% used [0x00000000f4c80000,0x00000000f4c80000,0x00000000f5500000)
 ParOldGen       total 92672K, used 26972K [0x0000000083400000, 0x0000000088e80000, 0x00000000d6700000)
  object space 92672K, 29% used [0x0000000083400000,0x0000000084e57220,0x0000000088e80000)
 Metaspace       used 40415K, capacity 41598K, committed 41856K, reserved 1085440K
  class space    used 4869K, capacity 5145K, committed 5248K, reserved 1048576K
}
Event: 4963.474 GC heap before
{Heap before GC invocations=36 (full 2):
 PSYoungGen      total 210432K, used 201792K [0x00000000d6700000, 0x00000000f5500000, 0x0000000100000000)
  eden space 201216K, 100% used [0x00000000d6700000,0x00000000e2b80000,0x00000000e2b80000)
  from space 9216K, 6% used [0x00000000f4380000,0x00000000f4410000,0x00000000f4c80000)
  to   space 8704K, 0% used [0x00000000f4c80000,0x00000000f4c80000,0x00000000f5500000)
 ParOldGen       total 92672K, used 26972K [0x0000000083400000, 0x0000000088e80000, 0x00000000d6700000)
  object space 92672K, 29% used [0x0000000083400000,0x0000000084e57220,0x0000000088e80000)
 Metaspace       used 40415K, capacity 41598K, committed 41856K, reserved 1085440K
  class space    used 4869K, capacity 5145K, committed 5248K, reserved 1048576K
Event: 4963.483 GC heap after
Heap after GC invocations=36 (full 2):
 PSYoungGen      total 194560K, used 608K [0x00000000d6700000, 0x00000000f4d80000, 0x0000000100000000)
  eden space 193536K, 0% used [0x00000000d6700000,0x00000000d6700000,0x00000000e2400000)
  from space 1024K, 59% used [0x00000000f4c80000,0x00000000f4d18000,0x00000000f4d80000)
  to   space 8704K, 0% used [0x00000000f3c80000,0x00000000f3c80000,0x00000000f4500000)
 ParOldGen       total 92672K, used 26988K [0x0000000083400000, 0x0000000088e80000, 0x00000000d6700000)
  object space 92672K, 29% used [0x0000000083400000,0x0000000084e5b220,0x0000000088e80000)
 Metaspace       used 40415K, capacity 41598K, committed 41856K, reserved 1085440K
  class space    used 4869K, capacity 5145K, committed 5248K, reserved 1048576K
}
Event: 5065.486 GC heap before
{Heap before GC invocations=37 (full 2):
 PSYoungGen      total 194560K, used 194144K [0x00000000d6700000, 0x00000000f4d80000, 0x0000000100000000)
  eden space 193536K, 100% used [0x00000000d6700000,0x00000000e2400000,0x00000000e2400000)
  from space 1024K, 59% used [0x00000000f4c80000,0x00000000f4d18000,0x00000000f4d80000)
  to   space 8704K, 0% used [0x00000000f3c80000,0x00000000f3c80000,0x00000000f4500000)
 ParOldGen       total 92672K, used 26988K [0x0000000083400000, 0x0000000088e80000, 0x00000000d6700000)
  object space 92672K, 29% used [0x0000000083400000,0x0000000084e5b220,0x0000000088e80000)
 Metaspace       used 40415K, capacity 41598K, committed 41856K, reserved 1085440K
  class space    used 4869K, capacity 5145K, committed 5248K, reserved 1048576K
Event: 5065.500 GC heap after
Heap after GC invocations=37 (full 2):
 PSYoungGen      total 195072K, used 544K [0x00000000d6700000, 0x00000000f4d00000, 0x0000000100000000)
  eden space 186368K, 0% used [0x00000000d6700000,0x00000000d6700000,0x00000000e1d00000)
  from space 8704K, 6% used [0x00000000f3c80000,0x00000000f3d08000,0x00000000f4500000)
  to   space 8192K, 0% used [0x00000000f4500000,0x00000000f4500000,0x00000000f4d00000)
 ParOldGen       total 92672K, used 26996K [0x0000000083400000, 0x0000000088e80000, 0x00000000d6700000)
  object space 92672K, 29% used [0x0000000083400000,0x0000000084e5d220,0x0000000088e80000)
 Metaspace       used 40415K, capacity 41598K, committed 41856K, reserved 1085440K
  class space    used 4869K, capacity 5145K, committed 5248K, reserved 1048576K
}
Event: 5167.554 GC heap before
{Heap before GC invocations=38 (full 2):
 PSYoungGen      total 195072K, used 186912K [0x00000000d6700000, 0x00000000f4d00000, 0x0000000100000000)
  eden space 186368K, 100% used [0x00000000d6700000,0x00000000e1d00000,0x00000000e1d00000)
  from space 8704K, 6% used [0x00000000f3c80000,0x00000000f3d08000,0x00000000f4500000)
  to   space 8192K, 0% used [0x00000000f4500000,0x00000000f4500000,0x00000000f4d00000)
 ParOldGen       total 92672K, used 26996K [0x0000000083400000, 0x0000000088e80000, 0x00000000d6700000)
  object space 92672K, 29% used [0x0000000083400000,0x0000000084e5d220,0x0000000088e80000)
 Metaspace       used 40419K, capacity 41602K, committed 41856K, reserved 1085440K
  class space    used 4869K, capacity 5145K, committed 5248K, reserved 1048576K
Event: 5167.568 GC heap after
Heap after GC invocations=38 (full 2):
 PSYoungGen      total 180736K, used 576K [0x00000000d6700000, 0x00000000f4600000, 0x0000000100000000)
  eden space 179712K, 0% used [0x00000000d6700000,0x00000000d6700000,0x00000000e1680000)
  from space 1024K, 56% used [0x00000000f4500000,0x00000000f4590000,0x00000000f4600000)
  to   space 7680K, 0% used [0x00000000f3700000,0x00000000f3700000,0x00000000f3e80000)
 ParOldGen       total 92672K, used 27012K [0x0000000083400000, 0x0000000088e80000, 0x00000000d6700000)
  object space 92672K, 29% used [0x0000000083400000,0x0000000084e61220,0x0000000088e80000)
 Metaspace       used 40419K, capacity 41602K, committed 41856K, reserved 1085440K
  class space    used 4869K, capacity 5145K, committed 5248K, reserved 1048576K
}

