# JRE version: Java(TM) SE Runtime Environment (8.0_152-b16) (build 1.8.0_152-b16)
# Java VM: Java HotSpot(TM) 64-Bit Server VM (25.152-b16 mixed mode bsd-amd64 compressed oops)
Heap:
 PSYoungGen      total 267264K, used 62414K [0x000000076ab00000, 0x000000077cf80000, 0x00000007c0000000)
  eden space 259584K, 21% used [0x000000076ab00000,0x000000076e07b588,0x000000077a880000)
  from space 7680K, 99% used [0x000000077a880000,0x000000077aff8600,0x000000077b000000)
  to   space 9728K, 0% used [0x000000077c600000,0x000000077c600000,0x000000077cf80000)
 ParOldGen       total 96256K, used 8794K [0x00000006c0000000, 0x00000006c5e00000, 0x000000076ab00000)
  object space 96256K, 9% used [0x00000006c0000000,0x00000006c08969d0,0x00000006c5e00000)
 Metaspace       used 34509K, capacity 35126K, committed 35416K, reserved 1081344K
  class space    used 3959K, capacity 4179K, committed 4224K, reserved 1048576K
GC Heap History (10 events):
Event: 3.211 GC heap before
{Heap before GC invocations=6 (full 0):
 PSYoungGen      total 76288K, used 70746K [0x000000076ab00000, 0x0000000773700000, 0x00000007c0000000)
  eden space 65536K, 100% used [0x000000076ab00000,0x000000076eb00000,0x000000076eb00000)
  from space 10752K, 48% used [0x000000076eb00000,0x000000076f016b68,0x000000076f580000)
  to   space 6144K, 0% used [0x0000000773100000,0x0000000773100000,0x0000000773700000)
 ParOldGen       total 175104K, used 112K [0x00000006c0000000, 0x00000006cab00000, 0x000000076ab00000)
  object space 175104K, 0% used [0x00000006c0000000,0x00000006c001c010,0x00000006cab00000)
 Metaspace       used 20472K, capacity 20844K, committed 20992K, reserved 1067008K
  class space    used 2372K, capacity 2480K, committed 2560K, reserved 1048576K
Event: 3.220 GC heap after
Heap after GC invocations=6 (full 0):
 PSYoungGen      total 136704K, used 6134K [0x000000076ab00000, 0x0000000773800000, 0x00000007c0000000)
  eden space 130560K, 0% used [0x000000076ab00000,0x000000076ab00000,0x0000000772a80000)
  from space 6144K, 99% used [0x0000000773100000,0x00000007736fda30,0x0000000773700000)
  to   space 6656K, 0% used [0x0000000772a80000,0x0000000772a80000,0x0000000773100000)
 ParOldGen       total 175104K, used 433K [0x00000006c0000000, 0x00000006cab00000, 0x000000076ab00000)
  object space 175104K, 0% used [0x00000006c0000000,0x00000006c006c6e0,0x00000006cab00000)
 Metaspace       used 20472K, capacity 20844K, committed 20992K, reserved 1067008K
  class space    used 2372K, capacity 2480K, committed 2560K, reserved 1048576K
}
Event: 3.294 GC heap before
{Heap before GC invocations=7 (full 0):
 PSYoungGen      total 136704K, used 21205K [0x000000076ab00000, 0x0000000773800000, 0x00000007c0000000)
  eden space 130560K, 11% used [0x000000076ab00000,0x000000076b9b7d70,0x0000000772a80000)
  from space 6144K, 99% used [0x0000000773100000,0x00000007736fda30,0x0000000773700000)
  to   space 6656K, 0% used [0x0000000772a80000,0x0000000772a80000,0x0000000773100000)
 ParOldGen       total 175104K, used 433K [0x00000006c0000000, 0x00000006cab00000, 0x000000076ab00000)
  object space 175104K, 0% used [0x00000006c0000000,0x00000006c006c6e0,0x00000006cab00000)
 Metaspace       used 20771K, capacity 21102K, committed 21248K, reserved 1069056K
  class space    used 2409K, capacity 2545K, committed 2560K, reserved 1048576K
Event: 3.302 GC heap after
Heap after GC invocations=7 (full 0):
 PSYoungGen      total 137216K, used 2304K [0x000000076ab00000, 0x000000077b800000, 0x00000007c0000000)
  eden space 130560K, 0% used [0x000000076ab00000,0x000000076ab00000,0x0000000772a80000)
  from space 6656K, 34% used [0x0000000772a80000,0x0000000772cc01f8,0x0000000773100000)
  to   space 7168K, 0% used [0x000000077b100000,0x000000077b100000,0x000000077b800000)
 ParOldGen       total 175104K, used 3651K [0x00000006c0000000, 0x00000006cab00000, 0x000000076ab00000)
  object space 175104K, 2% used [0x00000006c0000000,0x00000006c0390c68,0x00000006cab00000)
 Metaspace       used 20771K, capacity 21102K, committed 21248K, reserved 1069056K
  class space    used 2409K, capacity 2545K, committed 2560K, reserved 1048576K
}
Event: 3.302 GC heap before
{Heap before GC invocations=8 (full 1):
 PSYoungGen      total 137216K, used 2304K [0x000000076ab00000, 0x000000077b800000, 0x00000007c0000000)
  eden space 130560K, 0% used [0x000000076ab00000,0x000000076ab00000,0x0000000772a80000)
  from space 6656K, 34% used [0x0000000772a80000,0x0000000772cc01f8,0x0000000773100000)
  to   space 7168K, 0% used [0x000000077b100000,0x000000077b100000,0x000000077b800000)
 ParOldGen       total 175104K, used 3651K [0x00000006c0000000, 0x00000006cab00000, 0x000000076ab00000)
  object space 175104K, 2% used [0x00000006c0000000,0x00000006c0390c68,0x00000006cab00000)
 Metaspace       used 20771K, capacity 21102K, committed 21248K, reserved 1069056K
  class space    used 2409K, capacity 2545K, committed 2560K, reserved 1048576K
Event: 3.353 GC heap after
Heap after GC invocations=8 (full 1):
 PSYoungGen      total 137216K, used 0K [0x000000076ab00000, 0x000000077b800000, 0x00000007c0000000)
  eden space 130560K, 0% used [0x000000076ab00000,0x000000076ab00000,0x0000000772a80000)
  from space 6656K, 0% used [0x0000000772a80000,0x0000000772a80000,0x0000000773100000)
  to   space 7168K, 0% used [0x000000077b100000,0x000000077b100000,0x000000077b800000)
 ParOldGen       total 96256K, used 5404K [0x00000006c0000000, 0x00000006c5e00000, 0x000000076ab00000)
  object space 96256K, 5% used [0x00000006c0000000,0x00000006c0547198,0x00000006c5e00000)
 Metaspace       used 20771K, capacity 21102K, committed 21248K, reserved 1069056K
  class space    used 2409K, capacity 2545K, committed 2560K, reserved 1048576K
}
Event: 4.544 GC heap before
{Heap before GC invocations=9 (full 1):
 PSYoungGen      total 137216K, used 130560K [0x000000076ab00000, 0x000000077b800000, 0x00000007c0000000)
  eden space 130560K, 100% used [0x000000076ab00000,0x0000000772a80000,0x0000000772a80000)
  from space 6656K, 0% used [0x0000000772a80000,0x0000000772a80000,0x0000000773100000)
  to   space 7168K, 0% used [0x000000077b100000,0x000000077b100000,0x000000077b800000)
 ParOldGen       total 96256K, used 5404K [0x00000006c0000000, 0x00000006c5e00000, 0x000000076ab00000)
  object space 96256K, 5% used [0x00000006c0000000,0x00000006c0547198,0x00000006c5e00000)
 Metaspace       used 26965K, capacity 27454K, committed 27648K, reserved 1073152K
  class space    used 3115K, capacity 3315K, committed 3328K, reserved 1048576K
Event: 4.551 GC heap after
Heap after GC invocations=9 (full 1):
 PSYoungGen      total 215552K, used 6398K [0x000000076ab00000, 0x000000077b780000, 0x00000007c0000000)
  eden space 208896K, 0% used [0x000000076ab00000,0x000000076ab00000,0x0000000777700000)
  from space 6656K, 96% used [0x000000077b100000,0x000000077b73fa98,0x000000077b780000)
  to   space 7680K, 0% used [0x000000077a880000,0x000000077a880000,0x000000077b000000)
 ParOldGen       total 96256K, used 5412K [0x00000006c0000000, 0x00000006c5e00000, 0x000000076ab00000)
  object space 96256K, 5% used [0x00000006c0000000,0x00000006c0549198,0x00000006c5e00000)
 Metaspace       used 26965K, capacity 27454K, committed 27648K, reserved 1073152K
  class space    used 3115K, capacity 3315K, committed 3328K, reserved 1048576K
}
Event: 5.743 GC heap before
{Heap before GC invocations=10 (full 1):
 PSYoungGen      total 215552K, used 215294K [0x000000076ab00000, 0x000000077b780000, 0x00000007c0000000)
  eden space 208896K, 100% used [0x000000076ab00000,0x0000000777700000,0x0000000777700000)
  from space 6656K, 96% used [0x000000077b100000,0x000000077b73fa98,0x000000077b780000)
  to   space 7680K, 0% used [0x000000077a880000,0x000000077a880000,0x000000077b000000)
 ParOldGen       total 96256K, used 5412K [0x00000006c0000000, 0x00000006c5e00000, 0x000000076ab00000)
  object space 96256K, 5% used [0x00000006c0000000,0x00000006c0549198,0x00000006c5e00000)
 Metaspace       used 33573K, capacity 34222K, committed 34560K, reserved 1079296K
  class space    used 3858K, capacity 4049K, committed 4096K, reserved 1048576K
Event: 5.757 GC heap after
Heap after GC invocations=10 (full 1):
 PSYoungGen      total 267264K, used 7649K [0x000000076ab00000, 0x000000077cf80000, 0x00000007c0000000)
  eden space 259584K, 0% used [0x000000076ab00000,0x000000076ab00000,0x000000077a880000)
  from space 7680K, 99% used [0x000000077a880000,0x000000077aff8600,0x000000077b000000)
  to   space 9728K, 0% used [0x000000077c600000,0x000000077c600000,0x000000077cf80000)
 ParOldGen       total 96256K, used 8794K [0x00000006c0000000, 0x00000006c5e00000, 0x000000076ab00000)
  object space 96256K, 9% used [0x00000006c0000000,0x00000006c08969d0,0x00000006c5e00000)
 Metaspace       used 33573K, capacity 34222K, committed 34560K, reserved 1079296K
  class space    used 3858K, capacity 4049K, committed 4096K, reserved 1048576K
}

